<?xml version="1.0" encoding="UTF-8"?>
<!-- Generated by org.testng.reporters.JUnitReportReporter -->
<testsuite hostname="DESKTOP-3PL39DV" failures="0" tests="9" name="org.tests.SubscriptionPackages" time="79.056" errors="0" timestamp="2025-01-22T13:42:36 EET" skipped="0">
  <testcase classname="org.tests.SubscriptionPackages" name="checkPriceSubscriptionVeryCountry" time="8.318"/>
  <system-out/>
  <testcase classname="org.tests.SubscriptionPackages" name="checkPriceSubscriptionVeryCountry" time="11.481"/>
  <system-out/>
  <testcase classname="org.tests.SubscriptionPackages" name="checkPriceSubscriptionVeryCountry" time="8.439"/>
  <system-out/>
  <testcase classname="org.tests.SubscriptionPackages" name="checkTypeOFSubscriptionVeryCountry" time="7.903"/>
  <system-out/>
  <testcase classname="org.tests.SubscriptionPackages" name="checkTypeOFSubscriptionVeryCountry" time="8.544"/>
  <system-out/>
  <testcase classname="org.tests.SubscriptionPackages" name="checkTypeOFSubscriptionVeryCountry" time="8.785"/>
  <system-out/>
  <testcase classname="org.tests.SubscriptionPackages" name="checkCurrencySubscriptionVeryCountry" time="9.119"/>
  <system-out/>
  <testcase classname="org.tests.SubscriptionPackages" name="checkCurrencySubscriptionVeryCountry" time="7.998"/>
  <system-out/>
  <testcase classname="org.tests.SubscriptionPackages" name="checkCurrencySubscriptionVeryCountry" time="8.469"/>
  <system-out/>
</testsuite> <!-- org.tests.SubscriptionPackages -->
