<?xml version="1.0" encoding="UTF-8"?>
<!-- Generated by org.testng.reporters.JUnitReportReporter -->
<testsuite hostname="DESKTOP-3PL39DV" failures="0" tests="9" name="org.tests.SubscriptionPackages" time="99.409" errors="0" timestamp="2025-01-22T13:02:21 EET" skipped="0">
  <testcase classname="org.tests.SubscriptionPackages" name="checkPriceSubscriptionVeryCountry" time="8.595"/>
  <system-out/>
  <testcase classname="org.tests.SubscriptionPackages" name="checkPriceSubscriptionVeryCountry" time="8.533"/>
  <system-out/>
  <testcase classname="org.tests.SubscriptionPackages" name="checkPriceSubscriptionVeryCountry" time="9.082"/>
  <system-out/>
  <testcase classname="org.tests.SubscriptionPackages" name="checkTypeOFSubscriptionVeryCountry" time="8.574"/>
  <system-out/>
  <testcase classname="org.tests.SubscriptionPackages" name="checkTypeOFSubscriptionVeryCountry" time="11.457"/>
  <system-out/>
  <testcase classname="org.tests.SubscriptionPackages" name="checkTypeOFSubscriptionVeryCountry" time="9.622"/>
  <system-out/>
  <testcase classname="org.tests.SubscriptionPackages" name="checkCurrencySubscriptionVeryCountry" time="26.565"/>
  <system-out/>
  <testcase classname="org.tests.SubscriptionPackages" name="checkCurrencySubscriptionVeryCountry" time="8.497"/>
  <system-out/>
  <testcase classname="org.tests.SubscriptionPackages" name="checkCurrencySubscriptionVeryCountry" time="8.484"/>
  <system-out/>
</testsuite> <!-- org.tests.SubscriptionPackages -->
