<?xml version="1.0" encoding="UTF-8"?>
<!-- Generated by org.testng.reporters.JUnitReportReporter -->
<testsuite hostname="DESKTOP-3PL39DV" failures="0" tests="9" name="org.tests.SubscriptionPackages" time="85.760" errors="0" timestamp="2025-01-22T14:43:43 EET" skipped="0">
  <testcase classname="org.tests.SubscriptionPackages" name="checkPriceSubscriptionVeryCountry" time="9.833"/>
  <system-out/>
  <testcase classname="org.tests.SubscriptionPackages" name="checkPriceSubscriptionVeryCountry" time="9.869"/>
  <system-out/>
  <testcase classname="org.tests.SubscriptionPackages" name="checkPriceSubscriptionVeryCountry" time="8.452"/>
  <system-out/>
  <testcase classname="org.tests.SubscriptionPackages" name="checkTypeOFSubscriptionVeryCountry" time="7.985"/>
  <system-out/>
  <testcase classname="org.tests.SubscriptionPackages" name="checkTypeOFSubscriptionVeryCountry" time="8.526"/>
  <system-out/>
  <testcase classname="org.tests.SubscriptionPackages" name="checkTypeOFSubscriptionVeryCountry" time="14.545"/>
  <system-out/>
  <testcase classname="org.tests.SubscriptionPackages" name="checkCurrencySubscriptionVeryCountry" time="9.689"/>
  <system-out/>
  <testcase classname="org.tests.SubscriptionPackages" name="checkCurrencySubscriptionVeryCountry" time="8.775"/>
  <system-out/>
  <testcase classname="org.tests.SubscriptionPackages" name="checkCurrencySubscriptionVeryCountry" time="8.086"/>
  <system-out/>
</testsuite> <!-- org.tests.SubscriptionPackages -->
